Start testing: Jul 31 07:40 CEST
----------------------------------------------------------
1/1 Testing: example_test
1/1 Test: example_test
Command: "/Users/davidschluter/personal/C++/UnitExamples/build/test_runner"
Directory: /Users/davidschluter/personal/C++/UnitExamples/build
"example_test" start time: Jul 31 07:40 CEST
Output:
----------------------------------------------------------
Running main() from /Users/davidschluter/personal/C++/UnitExamples/build/_deps/googletest-src/googletest/src/gtest_main.cc
[==========] Running 0 tests from 0 test suites.
[==========] 0 tests from 0 test suites ran. (0 ms total)
[  PASSED  ] 0 tests.
<end of output>
Test time =   0.19 sec
----------------------------------------------------------
Test Passed.
"example_test" end time: Jul 31 07:40 CEST
"example_test" time elapsed: 00:00:00
----------------------------------------------------------

End testing: Jul 31 07:40 CEST
